Using pre-set license
Built from '2020.3/staging' branch; Version is '2020.3.14f1 (d0d1bb862f9d) revision 13685179'; Using compiler version '192528614'; Build Type 'Release'
OS: 'Windows 10 Home; OS build 19042.1348; Version 2009; 64bit' Language: 'pt' Physical Memory: 16294 MB
BatchMode: 1, IsHumanControllingUs: 0, StartBugReporterOnCrash: 0, Is64bit: 1, IsPro: 0

 COMMAND LINE ARGUMENTS:
C:\Program Files\Unity\Hub\Editor\2020.3.14f1\Editor\Unity.exe
-adb2
-batchMode
-noUpm
-name
AssetImportWorker0
-projectPath
C:/Users/Locasso/Documents/CurrentProjects/ProjectRPG
-logFile
Logs/AssetImportWorker0.log
-srvPort
50764
Successfully changed project path to: C:/Users/Locasso/Documents/CurrentProjects/ProjectRPG
C:/Users/Locasso/Documents/CurrentProjects/ProjectRPG
Using Asset Import Pipeline V2.
Refreshing native plugins compatible for Editor in 38.28 ms, found 2 plugins.
Preloading 0 native plugins for Editor in 0.00 ms.
Initialize engine version: 2020.3.14f1 (d0d1bb862f9d)
[Subsystems] Discovering subsystems at path C:/Program Files/Unity/Hub/Editor/2020.3.14f1/Editor/Data/Resources/UnitySubsystems
[Subsystems] Discovering subsystems at path C:/Users/Locasso/Documents/CurrentProjects/ProjectRPG/Assets
GfxDevice: creating device client; threaded=0
Direct3D:
    Version:  Direct3D 11.0 [level 11.1]
    Renderer: NVIDIA GeForce GTX 1650 (ID=0x1f0a)
    Vendor:   
    VRAM:     3961 MB
    Driver:   30.0.14.9613
Initialize mono
Mono path[0] = 'C:/Program Files/Unity/Hub/Editor/2020.3.14f1/Editor/Data/Managed'
Mono path[1] = 'C:/Program Files/Unity/Hub/Editor/2020.3.14f1/Editor/Data/MonoBleedingEdge/lib/mono/unityjit'
Mono config path = 'C:/Program Files/Unity/Hub/Editor/2020.3.14f1/Editor/Data/MonoBleedingEdge/etc'
Using monoOptions --debugger-agent=transport=dt_socket,embedding=1,server=y,suspend=n,address=127.0.0.1:56432
Begin MonoManager ReloadAssembly
Registering precompiled unity dll's ...
Register platform support module: C:/Program Files/Unity/Hub/Editor/2020.3.14f1/Editor/Data/PlaybackEngines/WindowsStandaloneSupport/UnityEditor.WindowsStandalone.Extensions.dll
Registered in 0.001859 seconds.
Native extension for WindowsStandalone target not found
Refreshing native plugins compatible for Editor in 39.82 ms, found 2 plugins.
Preloading 0 native plugins for Editor in 0.00 ms.
Mono: successfully reloaded assembly
- Completed reload, in  0.988 seconds
Domain Reload Profiling:
	ReloadAssembly (988ms)
		BeginReloadAssembly (47ms)
			ExecutionOrderSort (0ms)
			DisableScriptedObjects (0ms)
			BackupInstance (0ms)
			ReleaseScriptingObjects (0ms)
			CreateAndSetChildDomain (1ms)
		EndReloadAssembly (401ms)
			LoadAssemblies (44ms)
			RebuildTransferFunctionScriptingTraits (0ms)
			SetupTypeCache (147ms)
			ReleaseScriptCaches (0ms)
			RebuildScriptCaches (27ms)
			SetupLoadedEditorAssemblies (147ms)
				LogAssemblyErrors (0ms)
				InitializePlatformSupportModulesInManaged (4ms)
				SetLoadedEditorAssemblies (0ms)
				RefreshPlugins (40ms)
				BeforeProcessingInitializeOnLoad (9ms)
				ProcessInitializeOnLoadAttributes (70ms)
				ProcessInitializeOnLoadMethodAttributes (24ms)
				AfterProcessingInitializeOnLoad (0ms)
				EditorAssembliesLoaded (0ms)
			ExecutionOrderSort2 (0ms)
			AwakeInstancesAfterBackupRestoration (0ms)
Platform modules already initialized, skipping
Registering precompiled user dll's ...
Registered in 0.003758 seconds.
Begin MonoManager ReloadAssembly
Native extension for WindowsStandalone target not found
Refreshing native plugins compatible for Editor in 0.49 ms, found 2 plugins.
Preloading 0 native plugins for Editor in 0.00 ms.
Mono: successfully reloaded assembly
- Completed reload, in  0.907 seconds
Domain Reload Profiling:
	ReloadAssembly (908ms)
		BeginReloadAssembly (128ms)
			ExecutionOrderSort (0ms)
			DisableScriptedObjects (4ms)
			BackupInstance (0ms)
			ReleaseScriptingObjects (0ms)
			CreateAndSetChildDomain (16ms)
		EndReloadAssembly (723ms)
			LoadAssemblies (74ms)
			RebuildTransferFunctionScriptingTraits (0ms)
			SetupTypeCache (251ms)
			ReleaseScriptCaches (0ms)
			RebuildScriptCaches (38ms)
			SetupLoadedEditorAssemblies (275ms)
				LogAssemblyErrors (0ms)
				InitializePlatformSupportModulesInManaged (4ms)
				SetLoadedEditorAssemblies (1ms)
				RefreshPlugins (1ms)
				BeforeProcessingInitializeOnLoad (88ms)
				ProcessInitializeOnLoadAttributes (164ms)
				ProcessInitializeOnLoadMethodAttributes (10ms)
				AfterProcessingInitializeOnLoad (6ms)
				EditorAssembliesLoaded (0ms)
			ExecutionOrderSort2 (0ms)
			AwakeInstancesAfterBackupRestoration (5ms)
Platform modules already initialized, skipping
========================================================================
Worker process is ready to serve import requests
Launched and connected shader compiler UnityShaderCompiler.exe after 0.03 seconds
Refreshing native plugins compatible for Editor in 0.43 ms, found 2 plugins.
Preloading 0 native plugins for Editor in 0.00 ms.
Unloading 1491 Unused Serialized files (Serialized files now loaded: 0)
System memory in use before: 71.6 MB.
System memory in use after: 71.7 MB.

Unloading 22 unused Assets to reduce memory usage. Loaded Objects now: 1934.
Total: 1.902500 ms (FindLiveObjects: 0.230300 ms CreateObjectMapping: 0.069300 ms MarkObjects: 1.541500 ms  DeleteObjects: 0.060500 ms)

AssetImportParameters requested are different than current active one (requested -> active):
  custom:framework-win-MediaFoundation: 216162199b28c13a410421893ffa2e32 -> 
  custom:video-decoder-ogg-theora: a1e56fd34408186e4bbccfd4996cb3dc -> 
  custom:container-muxer-webm: aa71ff27fc2769a1b78a27578f13a17b -> 
  custom:container-demuxer-webm: 4f35f7cbe854078d1ac9338744f61a02 -> 
  custom:container-demuxer-ogg: 62fdf1f143b41e24485cea50d1cbac27 -> 
  custom:video-encoder-webm-vp8: eb34c28f22e8b96e1ab97ce403110664 -> 
  custom:video-decoder-webm-vp8: 9c59270c3fd7afecdb556c50c9e8de78 -> 
  custom:audio-decoder-ogg-vorbis: bf7c407c2cedff20999df2af8eb42d56 -> 
  custom:audio-encoder-webm-vorbis: bf7c407c2cedff20999df2af8eb42d56 -> 
========================================================================
Received Import Request.
  path: Assets/Prefabs/Personagens
  artifactKey: Guid(92c4a325c483f0a418af7b7ab58d28fa) Importer(815301076,1909f56bfc062723c751e8b465ee728b)
Start importing Assets/Prefabs/Personagens using Guid(92c4a325c483f0a418af7b7ab58d28fa) Importer(815301076,1909f56bfc062723c751e8b465ee728b)  -> (artifact id: '1b81210bcbd7397f2f91a8f8c3a18d33') in 0.007400 seconds 
  Import took 0.009597 seconds .

========================================================================
Received Import Request.
  Time since last request: 9.158067 seconds.
  path: Assets/Prefabs/Craracters
  artifactKey: Guid(92c4a325c483f0a418af7b7ab58d28fa) Importer(815301076,1909f56bfc062723c751e8b465ee728b)
Start importing Assets/Prefabs/Craracters using Guid(92c4a325c483f0a418af7b7ab58d28fa) Importer(815301076,1909f56bfc062723c751e8b465ee728b)  -> (artifact id: 'a962c46e9ccbd7236cf05e1d811b7926') in 0.007545 seconds 
  Import took 0.009776 seconds .

========================================================================
Received Import Request.
  Time since last request: 7.366600 seconds.
  path: Assets/Prefabs/UI
  artifactKey: Guid(2577edf3f5f2acb499a30770b72248d3) Importer(815301076,1909f56bfc062723c751e8b465ee728b)
Start importing Assets/Prefabs/UI using Guid(2577edf3f5f2acb499a30770b72248d3) Importer(815301076,1909f56bfc062723c751e8b465ee728b)  -> (artifact id: '73483f64ad5fe91557680f4b0828dec7') in 0.044955 seconds 
  Import took 0.047161 seconds .

========================================================================
Received Import Request.
  Time since last request: 11.601741 seconds.
  path: Assets/Arts/Testes
  artifactKey: Guid(01ea58a7ca841134a8ff2f8588e0c7d0) Importer(815301076,1909f56bfc062723c751e8b465ee728b)
Start importing Assets/Arts/Testes using Guid(01ea58a7ca841134a8ff2f8588e0c7d0) Importer(815301076,1909f56bfc062723c751e8b465ee728b)  -> (artifact id: 'd314cddec7f7a4125c5106f0c4a6f9bc') in 0.006886 seconds 
  Import took 0.009186 seconds .

========================================================================
Received Import Request.
  Time since last request: 11.244967 seconds.
  path: Assets/Arts/Enemys/Anims/animator.controller
  artifactKey: Guid(3cbdb8f1c8ca32841b635f9ad4f68da3) Importer(815301076,1909f56bfc062723c751e8b465ee728b)
Start importing Assets/Arts/Enemys/Anims/animator.controller using Guid(3cbdb8f1c8ca32841b635f9ad4f68da3) Importer(815301076,1909f56bfc062723c751e8b465ee728b)  -> (artifact id: '301948a86dd39dd18c516eed36fc93c1') in 0.024490 seconds 
  Import took 0.026706 seconds .

========================================================================
Received Import Request.
  Time since last request: 17.554192 seconds.
  path: Assets/Arts/Enemys/Anims/Enemys
  artifactKey: Guid(d15b21258f5f7d54ea6b00008f407bab) Importer(815301076,1909f56bfc062723c751e8b465ee728b)
Start importing Assets/Arts/Enemys/Anims/Enemys using Guid(d15b21258f5f7d54ea6b00008f407bab) Importer(815301076,1909f56bfc062723c751e8b465ee728b)  -> (artifact id: '974a35a5237f3d5357d60cab11be07a4') in 0.005943 seconds 
  Import took 0.008244 seconds .

========================================================================
Received Import Request.
  Time since last request: 0.000206 seconds.
  path: Assets/Arts/Enemys/Anims/Enemys
  artifactKey: Guid(d15b21258f5f7d54ea6b00008f407bab) Importer(815301076,1909f56bfc062723c751e8b465ee728b)
Start importing Assets/Arts/Enemys/Anims/Enemys using Guid(d15b21258f5f7d54ea6b00008f407bab) Importer(815301076,1909f56bfc062723c751e8b465ee728b)  -> (artifact id: '974a35a5237f3d5357d60cab11be07a4') in 0.002302 seconds 
  Import took 0.004463 seconds .

========================================================================
Received Import Request.
  Time since last request: 5.190052 seconds.
  path: Assets/Arts/Enemys/Anims/Enemys/Goo
  artifactKey: Guid(a150e744c4dc3c5499761144010d5ffc) Importer(815301076,1909f56bfc062723c751e8b465ee728b)
Start importing Assets/Arts/Enemys/Anims/Enemys/Goo using Guid(a150e744c4dc3c5499761144010d5ffc) Importer(815301076,1909f56bfc062723c751e8b465ee728b)  -> (artifact id: 'f6dce28952671e6041967a284669b158') in 0.005997 seconds 
  Import took 0.008180 seconds .

========================================================================
Received Import Request.
  Time since last request: 32.731414 seconds.
  path: Assets/Arts/Props
  artifactKey: Guid(3322636c895bec3498239fc448779e25) Importer(815301076,1909f56bfc062723c751e8b465ee728b)
Start importing Assets/Arts/Props using Guid(3322636c895bec3498239fc448779e25) Importer(815301076,1909f56bfc062723c751e8b465ee728b)  -> (artifact id: '78079172e45b6a2a8a68ca0316528392') in 0.007697 seconds 
  Import took 0.009888 seconds .

========================================================================
Received Import Request.
  Time since last request: 0.749957 seconds.
  path: Assets/Arts/Props/Anim
  artifactKey: Guid(9ed1915151b3a924b94cc6c8914bc9c6) Importer(815301076,1909f56bfc062723c751e8b465ee728b)
Start importing Assets/Arts/Props/Anim using Guid(9ed1915151b3a924b94cc6c8914bc9c6) Importer(815301076,1909f56bfc062723c751e8b465ee728b)  -> (artifact id: '57bd09ce101caa047946979e9fbb9eef') in 0.045055 seconds 
  Import took 0.047245 seconds .

========================================================================
Received Import Request.
  Time since last request: 17.149821 seconds.
  path: Assets/Scripts/Global/ChooseTarget.cs
  artifactKey: Guid(79173e06a680f964fa4c1529a3d03a0b) Importer(815301076,1909f56bfc062723c751e8b465ee728b)
Start importing Assets/Scripts/Global/ChooseTarget.cs using Guid(79173e06a680f964fa4c1529a3d03a0b) Importer(815301076,1909f56bfc062723c751e8b465ee728b)  -> (artifact id: 'fd9eccd249716d95dfd1e47667c380dd') in 0.048014 seconds 
  Import took 0.050225 seconds .

========================================================================
Received Import Request.
  Time since last request: 1.457890 seconds.
  path: Assets/Scripts/Global/GameManager.cs
  artifactKey: Guid(43f7d6d5bdbffca4dbee5fed91949af8) Importer(815301076,1909f56bfc062723c751e8b465ee728b)
Start importing Assets/Scripts/Global/GameManager.cs using Guid(43f7d6d5bdbffca4dbee5fed91949af8) Importer(815301076,1909f56bfc062723c751e8b465ee728b)  -> (artifact id: 'b79cd59b7c57561ab6937c857a52c8b4') in 0.006277 seconds 
  Import took 0.008506 seconds .

========================================================================
Received Import Request.
  Time since last request: 1.008279 seconds.
  path: Assets/Scripts/Global/TurnManager.cs
  artifactKey: Guid(436dcb779b992ce47b3825267ef595a7) Importer(815301076,1909f56bfc062723c751e8b465ee728b)
Start importing Assets/Scripts/Global/TurnManager.cs using Guid(436dcb779b992ce47b3825267ef595a7) Importer(815301076,1909f56bfc062723c751e8b465ee728b)  -> (artifact id: '30ad7f161641ec68b23407190a1592a0') in 0.007010 seconds 
  Import took 0.009218 seconds .

========================================================================
Received Import Request.
  Time since last request: 0.001747 seconds.
  path: Assets/Scripts/Global/TurnManager.cs
  artifactKey: Guid(436dcb779b992ce47b3825267ef595a7) Importer(815301076,1909f56bfc062723c751e8b465ee728b)
Start importing Assets/Scripts/Global/TurnManager.cs using Guid(436dcb779b992ce47b3825267ef595a7) Importer(815301076,1909f56bfc062723c751e8b465ee728b)  -> (artifact id: '30ad7f161641ec68b23407190a1592a0') in 0.002325 seconds 
  Import took 0.004731 seconds .

